Using pre-set license
Built from '2020.2/staging' branch; Version is '2020.2.5f1 (e2c53f129de5) revision 14861631'; Using compiler version '192528614'; Build Type 'Release'
OS: 'Windows 10 Pro; OS build 19044.1706; Version 2009; 64bit' Language: 'ja' Physical Memory: 32679 MB
BatchMode: 1, IsHumanControllingUs: 0, StartBugReporterOnCrash: 0, Is64bit: 1, IsPro: 0

 COMMAND LINE ARGUMENTS:
C:\Users\HR 2001-0000\Documents\STAGE\2020.2.5f1\Editor\Unity.exe
-adb2
-batchMode
-noUpm
-name
AssetImportWorker0
-projectPath
C:/Users/HR 2001-0000/Desktop/新しいフォルダー (3)/個人製作/Game
-logFile
Logs/AssetImportWorker0.log
-srvPort
50845
Successfully changed project path to: C:/Users/HR 2001-0000/Desktop/新しいフォルダー (3)/個人製作/Game
C:/Users/HR 2001-0000/Desktop/新しいフォルダー (3)/個人製作/Game
Using Asset Import Pipeline V2.
Refreshing native plugins compatible for Editor in 66.95 ms, found 1 plugins.
Preloading 0 native plugins for Editor in 0.00 ms.
Initialize engine version: 2020.2.5f1 (e2c53f129de5)
[Subsystems] Discovering subsystems at path C:/Users/HR 2001-0000/Documents/STAGE/2020.2.5f1/Editor/Data/Resources/UnitySubsystems
[Subsystems] Discovering subsystems at path C:/Users/HR 2001-0000/Desktop/新しいフォルダー (3)/個人製作/Game/Assets
GfxDevice: creating device client; threaded=0
Direct3D:
    Version:  Direct3D 11.0 [level 11.1]
    Renderer: NVIDIA GeForce RTX 2070 (ID=0x1f02)
    Vendor:   
    VRAM:     8031 MB
    Driver:   30.0.15.1179
Shader 'Universal Render Pipeline/Particles/Lit': fallback shader 'Universal Render Pipeline/Particles/SimpleLit' not found
Initialize mono
Mono path[0] = 'C:/Users/HR 2001-0000/Documents/STAGE/2020.2.5f1/Editor/Data/Managed'
Mono path[1] = 'C:/Users/HR 2001-0000/Documents/STAGE/2020.2.5f1/Editor/Data/MonoBleedingEdge/lib/mono/unityjit'
Mono config path = 'C:/Users/HR 2001-0000/Documents/STAGE/2020.2.5f1/Editor/Data/MonoBleedingEdge/etc'
Using monoOptions --debugger-agent=transport=dt_socket,embedding=1,server=y,suspend=n,address=127.0.0.1:56212
Begin MonoManager ReloadAssembly
Registering precompiled unity dll's ...
Register platform support module: C:/Users/HR 2001-0000/Documents/STAGE/2020.2.5f1/Editor/Data/PlaybackEngines/WebGLSupport/UnityEditor.WebGL.Extensions.dll
Register platform support module: C:/Users/HR 2001-0000/Documents/STAGE/2020.2.5f1/Editor/Data/PlaybackEngines/WindowsStandaloneSupport/UnityEditor.WindowsStandalone.Extensions.dll
Registered in 0.002111 seconds.
Native extension for WindowsStandalone target not found
Native extension for WebGL target not found
Refreshing native plugins compatible for Editor in 68.75 ms, found 1 plugins.
Preloading 0 native plugins for Editor in 0.00 ms.
Invoked RoslynAnalysisRunner static constructor.
RoslynAnalysisRunner will not be running.
RoslynAnalysisRunner has terminated.
Mono: successfully reloaded assembly
- Completed reload, in  1.742 seconds
Platform modules already initialized, skipping
Registering precompiled user dll's ...
Registered in 0.001567 seconds.
Begin MonoManager ReloadAssembly
Native extension for WindowsStandalone target not found
Native extension for WebGL target not found
Refreshing native plugins compatible for Editor in 68.80 ms, found 1 plugins.
Preloading 0 native plugins for Editor in 0.00 ms.
Invoked RoslynAnalysisRunner static constructor.
RoslynAnalysisRunner will not be running.
RoslynAnalysisRunner has terminated.
Mono: successfully reloaded assembly
- Completed reload, in  1.113 seconds
Platform modules already initialized, skipping
========================================================================
Worker process is ready to serve import requests
Shader 'Universal Render Pipeline/Particles/Lit': fallback shader 'Universal Render Pipeline/Particles/SimpleLit' not found
Launched and connected shader compiler UnityShaderCompiler.exe after 0.05 seconds
Refreshing native plugins compatible for Editor in 1.33 ms, found 1 plugins.
Preloading 0 native plugins for Editor in 0.00 ms.
Unloading 3265 Unused Serialized files (Serialized files now loaded: 0)
System memory in use before: 148.2 MB.
System memory in use after: 148.4 MB.

Unloading 36 unused Assets to reduce memory usage. Loaded Objects now: 3704.
Total: 3.648600 ms (FindLiveObjects: 0.606800 ms CreateObjectMapping: 0.118500 ms MarkObjects: 2.766500 ms  DeleteObjects: 0.155000 ms)

AssetImportParameters requested are different than current active one (requested -> active):
  requireTextureImportCompression: false -> true
========================================================================
Received Import Request.
  path: Assets/Ground.asset
  artifactKey: Guid(8550a860abd605247b794345d52de2dc) Importer(815301076,1909f56bfc062723c751e8b465ee728b)
Start importing Assets/Ground.asset using Guid(8550a860abd605247b794345d52de2dc) Importer(815301076,1909f56bfc062723c751e8b465ee728b) The tree Env_Type2_Tree_2 must use the Nature/Soft Occlusion shader. Otherwise billboarding/lighting will not work correctly.

The tree Env_Grass_2 must use the Nature/Soft Occlusion shader. Otherwise billboarding/lighting will not work correctly.

 -> (artifact id: '79335a28d124d81e922ed9a3fb356fee') in 0.076719 seconds
  Import took 0.082737 seconds .

========================================================================
Received Import Request.
  Time since last request: 0.000173 seconds.
  path: Assets/MiniMap.renderTexture
  artifactKey: Guid(3149ce782f9fa374ea3b2fea4a51e1b9) Importer(815301076,1909f56bfc062723c751e8b465ee728b)
Start importing Assets/MiniMap.renderTexture using Guid(3149ce782f9fa374ea3b2fea4a51e1b9) Importer(815301076,1909f56bfc062723c751e8b465ee728b)  -> (artifact id: 'b9ae0aa16a4c9a520013b18963c383ff') in 0.026977 seconds
  Import took 0.031299 seconds .

========================================================================
Received Import Request.
  Time since last request: 0.000155 seconds.
  path: Assets/map.asset
  artifactKey: Guid(b47c108a39d791f4e83b8d1d85d00df3) Importer(815301076,1909f56bfc062723c751e8b465ee728b)
Start importing Assets/map.asset using Guid(b47c108a39d791f4e83b8d1d85d00df3) Importer(815301076,1909f56bfc062723c751e8b465ee728b)  -> (artifact id: '653df8a77affb7d1a78cbf12a5a69c39') in 0.007711 seconds
  Import took 0.012367 seconds .

========================================================================
Received Import Request.
  Time since last request: 0.000152 seconds.
  path: Assets/ObiEditorSettings.asset
  artifactKey: Guid(c04dbfe60895bac4e855cdd5cca01855) Importer(815301076,1909f56bfc062723c751e8b465ee728b)
Start importing Assets/ObiEditorSettings.asset using Guid(c04dbfe60895bac4e855cdd5cca01855) Importer(815301076,1909f56bfc062723c751e8b465ee728b)  -> (artifact id: 'fee5c9e66a79a77a8a055f41aa37d43e') in 0.007389 seconds
  Import took 0.011606 seconds .

========================================================================
Received Import Request.
  Time since last request: 3.759616 seconds.
  path: Assets/Scenes
  artifactKey: Guid(5a2213bdca78d784981761810d933b5b) Importer(815301076,1909f56bfc062723c751e8b465ee728b)
Start importing Assets/Scenes using Guid(5a2213bdca78d784981761810d933b5b) Importer(815301076,1909f56bfc062723c751e8b465ee728b)  -> (artifact id: 'aca15b91d7e777d88c3c050b6d885191') in 0.005621 seconds
  Import took 0.010364 seconds .

========================================================================
Received Import Request.
  Time since last request: 0.001418 seconds.
  path: Assets/Scenes
  artifactKey: Guid(5a2213bdca78d784981761810d933b5b) Importer(815301076,1909f56bfc062723c751e8b465ee728b)
Start importing Assets/Scenes using Guid(5a2213bdca78d784981761810d933b5b) Importer(815301076,1909f56bfc062723c751e8b465ee728b)  -> (artifact id: 'aca15b91d7e777d88c3c050b6d885191') in 0.002864 seconds
  Import took 0.007045 seconds .

========================================================================
Received Import Request.
  Time since last request: 0.831262 seconds.
  path: Assets/Scenes/MapScene.unity
  artifactKey: Guid(9fc0d4010bbf28b4594072e72b8655ab) Importer(815301076,1909f56bfc062723c751e8b465ee728b)
Start importing Assets/Scenes/MapScene.unity using Guid(9fc0d4010bbf28b4594072e72b8655ab) Importer(815301076,1909f56bfc062723c751e8b465ee728b)  -> (artifact id: 'fd3b23f1ab1af31052c29d49eb040cd6') in 0.006169 seconds
  Import took 0.011203 seconds .

========================================================================
Received Import Request.
  Time since last request: 1.703578 seconds.
  path: Assets/Scenes/ActorScene.unity
  artifactKey: Guid(d23ae83610e9ec446aa99dba657e8740) Importer(815301076,1909f56bfc062723c751e8b465ee728b)
Start importing Assets/Scenes/ActorScene.unity using Guid(d23ae83610e9ec446aa99dba657e8740) Importer(815301076,1909f56bfc062723c751e8b465ee728b)  -> (artifact id: 'ce378fc708b93868c6297d012b01457d') in 0.006999 seconds
  Import took 0.012119 seconds .

========================================================================
Received Prepare
Registering precompiled user dll's ...
Registered in 0.001833 seconds.
Begin MonoManager ReloadAssembly
Native extension for WindowsStandalone target not found
Native extension for WebGL target not found
Refreshing native plugins compatible for Editor in 0.94 ms, found 1 plugins.
Preloading 0 native plugins for Editor in 0.00 ms.
Invoked RoslynAnalysisRunner static constructor.
RoslynAnalysisRunner will not be running.
RoslynAnalysisRunner has terminated.
Mono: successfully reloaded assembly
- Completed reload, in  0.953 seconds
Platform modules already initialized, skipping
Shader 'Universal Render Pipeline/Particles/Lit': fallback shader 'Universal Render Pipeline/Particles/SimpleLit' not found
Refreshing native plugins compatible for Editor in 0.89 ms, found 1 plugins.
Preloading 0 native plugins for Editor in 0.00 ms.
Unloading 3109 Unused Serialized files (Serialized files now loaded: 0)
System memory in use before: 143.0 MB.
System memory in use after: 143.2 MB.

Unloading 21 unused Assets to reduce memory usage. Loaded Objects now: 3719.
Total: 2.436700 ms (FindLiveObjects: 0.321000 ms CreateObjectMapping: 0.092000 ms MarkObjects: 1.942000 ms  DeleteObjects: 0.081000 ms)

AssetImportParameters requested are different than current active one (requested -> active):
  requireTextureImportCompression: false -> true
AssetImportWorkerClient::OnTransportError - code=2 error=End of file
